<?xml version="1.0" encoding="UTF-8"?>
<!-- Generated by org.testng.reporters.JUnitReportReporter -->
<testsuite hostname="dhasa" failures="0" tests="2" name="test.DataDrivenTesting" time="5.762" errors="0" timestamp="2022-04-21T13:36:37 IST" skipped="0">
  <testcase classname="test.DataDrivenTesting" name="loginTest" time="4.624"/>
  <system-out/>
  <testcase classname="test.DataDrivenTesting" name="loginTest" time="1.138"/>
  <system-out/>
</testsuite> <!-- test.DataDrivenTesting -->
