<?xml version="1.0" encoding="UTF-8"?>
<!-- Generated by org.testng.reporters.JUnitReportReporter -->
<testsuite hostname="dhasa" failures="0" tests="1" name="test.TestNGProject" time="5.281" errors="0" timestamp="2022-04-04T12:39:20 IST" skipped="0">
  <testcase classname="test.TestNGProject" name="googleSearch3" time="5.281"/>
  <system-out/>
</testsuite> <!-- test.TestNGProject -->
